
> impact-startups-dashboard-frontend@1.0.0 dev
> next dev -p 3001

 тип Failed to start server
Error: listen EADDRINUSE: address already in use :::3001
    at Server.setupListenHandle [as _listen2] (node:net:1940:16)
    at listenInCluster (node:net:1997:12)
    at Server.listen (node:net:2102:7)
    at /Users/Armin/Desktop/Arbeit/Crawler Dashboard Global/node_modules/.pnpm/next@14.2.16_react-dom@18.3.1_react@18.3.1__react@18.3.1/node_modules/next/dist/server/lib/start-server.js:280:16
    at new Promise (<anonymous>)
    at startServer (/Users/Armin/Desktop/Arbeit/Crawler Dashboard Global/node_modules/.pnpm/next@14.2.16_react-dom@18.3.1_react@18.3.1__react@18.3.1/node_modules/next/dist/server/lib/start-server.js:191:11)
    at /Users/Armin/Desktop/Arbeit/Crawler Dashboard Global/node_modules/.pnpm/next@14.2.16_react-dom@18.3.1_react@18.3.1__react@18.3.1/node_modules/next/dist/server/lib/start-server.js:310:52
    at Span.traceAsyncFn (/Users/Armin/Desktop/Arbeit/Crawler Dashboard Global/node_modules/.pnpm/next@14.2.16_react-dom@18.3.1_react@18.3.1__react@18.3.1/node_modules/next/dist/trace/trace.js:154:26)
    at process.<anonymous> (/Users/Armin/Desktop/Arbeit/Crawler Dashboard Global/node_modules/.pnpm/next@14.2.16_react-dom@18.3.1_react@18.3.1__react@18.3.1/node_modules/next/dist/server/lib/start-server.js:310:35)
    at process.emit (node:events:519:28) {
  code: 'EADDRINUSE',
  errno: -48,
  syscall: 'listen',
  address: '::',
  port: 3001
}
[?25h
